<html>
<head>
<title>TestNG:  Search_Box</title>
<link href="../testng.css" rel="stylesheet" type="text/css" />
<link href="../my-testng.css" rel="stylesheet" type="text/css" />

<style type="text/css">
.log { display: none;} 
.stack-trace { display: none;} 
</style>
<script type="text/javascript">
<!--
function flip(e) {
  current = e.style.display;
  if (current == 'block') {
    e.style.display = 'none';
    return 0;
  }
  else {
    e.style.display = 'block';
    return 1;
  }
}

function toggleBox(szDivId, elem, msg1, msg2)
{
  var res = -1;  if (document.getElementById) {
    res = flip(document.getElementById(szDivId));
  }
  else if (document.all) {
    // this is the way old msie versions work
    res = flip(document.all[szDivId]);
  }
  if(elem) {
    if(res == 0) elem.innerHTML = msg1; else elem.innerHTML = msg2;
  }

}

function toggleAllBoxes() {
  if (document.getElementsByTagName) {
    d = document.getElementsByTagName('div');
    for (i = 0; i < d.length; i++) {
      if (d[i].className == 'log') {
        flip(d[i]);
      }
    }
  }
}

// -->
</script>

</head>
<body>
<h2 align='center'>Search_Box</h2><table border='1' align="center">
<tr>
<td>Tests passed/Failed/Skipped:</td><td>1/3/0</td>
</tr><tr>
<td>Started on:</td><td>Mon May 09 22:22:27 EDT 2022</td>
</tr>
<tr><td>Total time:</td><td>18 seconds (18080 ms)</td>
</tr><tr>
<td>Included groups:</td><td></td>
</tr><tr>
<td>Excluded groups:</td><td></td>
</tr>
</table><p/>
<small><i>(Hover the method name to see the test class name)</i></small><p/>
<table width='100%' border='1' class='invocation-failed'>
<tr><td colspan='4' align='center'><b>FAILED TESTS</b></td></tr>
<tr><td><b>Test method</b></td>
<td width="30%"><b>Exception</b></td>
<td width="10%"><b>Time (seconds)</b></td>
<td><b>Instance</b></td>
</tr>
<tr>
<td title='extentReport.testRunner.TestRunner.runScenario()'><b>runScenario</b><br>Test class: extentReport.testRunner.TestRunner<br>Test method: Runs Cucumber Scenarios<br>Parameters: "Title of your scenario outline", "dell homepage Serach functionality"</td>
<td><div><pre>java.lang.IllegalArgumentException: Key Down / Up events only make sense for modifier keys.
	at org.openqa.selenium.interactions.internal.SingleKeyAction.&lt;init&gt;(SingleKeyAction.java:49)
	at org.openqa.selenium.interactions.internal.SingleKeyAction.&lt;init&gt;(SingleKeyAction.java:37)
	at org.openqa.selenium.interactions.KeyDownAction.&lt;init&gt;(KeyDownAction.java:41)
	at org.openqa.selenium.interactions.Actions.keyDown(Actions.java:92)
	at extentReport.stepDefs.DellStepDef.user_enters_in_the_search_box(DellStepDef.java:42)
	at ?.user enters &quot;camera&quot; in the search box(file:///C:/project/extentReport/extentReport/Features/dellSearch.feature:6)
</pre></div><a href='#' onClick='toggleBox("stack-trace1180319663", this, "Click to show all stack frames", "Click to hide stack frames")'>Click to show all stack frames</a>
<div class='stack-trace' id='stack-trace1180319663'><pre>java.lang.IllegalArgumentException: Key Down / Up events only make sense for modifier keys.
	at org.openqa.selenium.interactions.internal.SingleKeyAction.&lt;init&gt;(SingleKeyAction.java:49)
	at org.openqa.selenium.interactions.internal.SingleKeyAction.&lt;init&gt;(SingleKeyAction.java:37)
	at org.openqa.selenium.interactions.KeyDownAction.&lt;init&gt;(KeyDownAction.java:41)
	at org.openqa.selenium.interactions.Actions.keyDown(Actions.java:92)
	at extentReport.stepDefs.DellStepDef.user_enters_in_the_search_box(DellStepDef.java:42)
	at ?.user enters &quot;camera&quot; in the search box(file:///C:/project/extentReport/extentReport/Features/dellSearch.feature:6)
</pre></div></td>
<td>4</td>
<td>extentReport.testRunner.TestRunner@34e9fd99</td></tr>
<tr>
<td title='extentReport.testRunner.TestRunner.runScenario()'><b>runScenario</b><br>Test class: extentReport.testRunner.TestRunner<br>Test method: Runs Cucumber Scenarios<br>Parameters: "Title of your scenario outline", "dell homepage Serach functionality"</td>
<td><div><pre>java.lang.IllegalArgumentException: Key Down / Up events only make sense for modifier keys.
	at org.openqa.selenium.interactions.internal.SingleKeyAction.&lt;init&gt;(SingleKeyAction.java:49)
	at org.openqa.selenium.interactions.internal.SingleKeyAction.&lt;init&gt;(SingleKeyAction.java:37)
	at org.openqa.selenium.interactions.KeyDownAction.&lt;init&gt;(KeyDownAction.java:41)
	at org.openqa.selenium.interactions.Actions.keyDown(Actions.java:92)
	at extentReport.stepDefs.DellStepDef.user_enters_in_the_search_box(DellStepDef.java:42)
	at ?.user enters &quot;Gaming Laptop&quot; in the search box(file:///C:/project/extentReport/extentReport/Features/dellSearch.feature:6)
</pre></div><a href='#' onClick='toggleBox("stack-trace240785827", this, "Click to show all stack frames", "Click to hide stack frames")'>Click to show all stack frames</a>
<div class='stack-trace' id='stack-trace240785827'><pre>java.lang.IllegalArgumentException: Key Down / Up events only make sense for modifier keys.
	at org.openqa.selenium.interactions.internal.SingleKeyAction.&lt;init&gt;(SingleKeyAction.java:49)
	at org.openqa.selenium.interactions.internal.SingleKeyAction.&lt;init&gt;(SingleKeyAction.java:37)
	at org.openqa.selenium.interactions.KeyDownAction.&lt;init&gt;(KeyDownAction.java:41)
	at org.openqa.selenium.interactions.Actions.keyDown(Actions.java:92)
	at extentReport.stepDefs.DellStepDef.user_enters_in_the_search_box(DellStepDef.java:42)
	at ?.user enters &quot;Gaming Laptop&quot; in the search box(file:///C:/project/extentReport/extentReport/Features/dellSearch.feature:6)
</pre></div></td>
<td>4</td>
<td>extentReport.testRunner.TestRunner@34e9fd99</td></tr>
<tr>
<td title='extentReport.testRunner.TestRunner.runScenario()'><b>runScenario</b><br>Test class: extentReport.testRunner.TestRunner<br>Test method: Runs Cucumber Scenarios<br>Parameters: "Title of your scenario outline", "dell homepage Serach functionality"</td>
<td><div><pre>java.lang.IllegalArgumentException: Key Down / Up events only make sense for modifier keys.
	at org.openqa.selenium.interactions.internal.SingleKeyAction.&lt;init&gt;(SingleKeyAction.java:49)
	at org.openqa.selenium.interactions.internal.SingleKeyAction.&lt;init&gt;(SingleKeyAction.java:37)
	at org.openqa.selenium.interactions.KeyDownAction.&lt;init&gt;(KeyDownAction.java:41)
	at org.openqa.selenium.interactions.Actions.keyDown(Actions.java:92)
	at extentReport.stepDefs.DellStepDef.user_enters_in_the_search_box(DellStepDef.java:42)
	at ?.user enters &quot;Laptop&quot; in the search box(file:///C:/project/extentReport/extentReport/Features/dellSearch.feature:6)
</pre></div><a href='#' onClick='toggleBox("stack-trace1608810728", this, "Click to show all stack frames", "Click to hide stack frames")'>Click to show all stack frames</a>
<div class='stack-trace' id='stack-trace1608810728'><pre>java.lang.IllegalArgumentException: Key Down / Up events only make sense for modifier keys.
	at org.openqa.selenium.interactions.internal.SingleKeyAction.&lt;init&gt;(SingleKeyAction.java:49)
	at org.openqa.selenium.interactions.internal.SingleKeyAction.&lt;init&gt;(SingleKeyAction.java:37)
	at org.openqa.selenium.interactions.KeyDownAction.&lt;init&gt;(KeyDownAction.java:41)
	at org.openqa.selenium.interactions.Actions.keyDown(Actions.java:92)
	at extentReport.stepDefs.DellStepDef.user_enters_in_the_search_box(DellStepDef.java:42)
	at ?.user enters &quot;Laptop&quot; in the search box(file:///C:/project/extentReport/extentReport/Features/dellSearch.feature:6)
</pre></div></td>
<td>4</td>
<td>extentReport.testRunner.TestRunner@34e9fd99</td></tr>
</table><p>
<table width='100%' border='1' class='invocation-passed'>
<tr><td colspan='4' align='center'><b>PASSED TESTS</b></td></tr>
<tr><td><b>Test method</b></td>
<td width="30%"><b>Exception</b></td>
<td width="10%"><b>Time (seconds)</b></td>
<td><b>Instance</b></td>
</tr>
<tr>
<td title='extentReport.testRunner.TestRunner.runScenario()'><b>runScenario</b><br>Test class: extentReport.testRunner.TestRunner<br>Test method: Runs Cucumber Scenarios<br>Parameters: "user visits contact page", "dell homepage Serach functionality"</td>
<td></td>
<td>2</td>
<td>extentReport.testRunner.TestRunner@34e9fd99</td></tr>
</table><p>
</body>
</html>